INFO:root:Start script converter
INFO:root:Check file extention...
INFO:root:file extention is ".pl"
INFO:root:Lets start convert Prolog to Xml
INFO:root:Open Xml file and get content...
INFO:root:Create XML Tree Structure.
INFO:root:Start iteration prolog rows content.
INFO:root:Try to parse prolog row:
INFO:root:student(Liam, Smith, 21, SoftwareEngineering).

INFO:root:student
INFO:root:['Liam', 'Smith', '21', 'SoftwareEngineering']
INFO:root:Start fill Xml data:
INFO:root:Data: name: Liam
INFO:root:Data: surname: Smith
INFO:root:Data: age: 21
INFO:root:Data: direction: SoftwareEngineering
INFO:root:Finished fill data.
INFO:root:Try to parse prolog row:
INFO:root:student(Noah, Jones, 22, ComputerScience).

INFO:root:student
INFO:root:['Noah', 'Jones', '22', 'ComputerScience']
INFO:root:Start fill Xml data:
INFO:root:Data: name: Noah
INFO:root:Data: surname: Jones
INFO:root:Data: age: 22
INFO:root:Data: direction: ComputerScience
INFO:root:Finished fill data.
INFO:root:Try to parse prolog row:
INFO:root:student(Oliver, Williams, 20, Design).

INFO:root:student
INFO:root:['Oliver', 'Williams', '20', 'Design']
INFO:root:Start fill Xml data:
INFO:root:Data: name: Oliver
INFO:root:Data: surname: Williams
INFO:root:Data: age: 20
INFO:root:Data: direction: Design
INFO:root:Finished fill data.
INFO:root:Try to parse prolog row:
INFO:root:student(Lucas, Taylor, 18, Marketing).

INFO:root:student
INFO:root:['Lucas', 'Taylor', '18', 'Marketing']
INFO:root:Start fill Xml data:
INFO:root:Data: name: Lucas
INFO:root:Data: surname: Taylor
INFO:root:Data: age: 18
INFO:root:Data: direction: Marketing
INFO:root:Finished fill data.
INFO:root:Try to parse prolog row:
INFO:root:student(James, Brown, 19, Journalist).

INFO:root:student
INFO:root:['James', 'Brown', '19', 'Journalist']
INFO:root:Start fill Xml data:
INFO:root:Data: name: James
INFO:root:Data: surname: Brown
INFO:root:Data: age: 19
INFO:root:Data: direction: Journalist
INFO:root:Finished fill data.
INFO:root:Prolog converted to Xml.
INFO:root:Finish script converter
